{"/Users/oglabs/source/fererelabs/VeraGenesi/backend/src/config/database.js": {"path":"/Users/oglabs/source/fererelabs/VeraGenesi/backend/src/config/database.js","statementMap":{"0":{"start":{"line":1,"column":13},"end":{"line":1,"column":31}},"1":{"start":{"line":2,"column":0},"end":{"line":2,"column":27}},"2":{"start":{"line":4,"column":13},"end":{"line":11,"column":2}},"3":{"start":{"line":13,"column":0},"end":{"line":15,"column":3}},"4":{"start":{"line":14,"column":2},"end":{"line":14,"column":56}},"5":{"start":{"line":17,"column":0},"end":{"line":17,"column":22}}},"fnMap":{"0":{"name":"(anonymous_0)","decl":{"start":{"line":13,"column":17},"end":{"line":13,"column":18}},"loc":{"start":{"line":13,"column":26},"end":{"line":15,"column":1}},"line":13}},"branchMap":{"0":{"loc":{"start":{"line":5,"column":8},"end":{"line":5,"column":41}},"type":"binary-expr","locations":[{"start":{"line":5,"column":8},"end":{"line":5,"column":27}},{"start":{"line":5,"column":31},"end":{"line":5,"column":41}}],"line":5},"1":{"loc":{"start":{"line":6,"column":12},"end":{"line":6,"column":49}},"type":"binary-expr","locations":[{"start":{"line":6,"column":12},"end":{"line":6,"column":35}},{"start":{"line":6,"column":39},"end":{"line":6,"column":49}}],"line":6},"2":{"loc":{"start":{"line":7,"column":8},"end":{"line":7,"column":42}},"type":"binary-expr","locations":[{"start":{"line":7,"column":8},"end":{"line":7,"column":27}},{"start":{"line":7,"column":31},"end":{"line":7,"column":42}}],"line":7},"3":{"loc":{"start":{"line":8,"column":8},"end":{"line":8,"column":35}},"type":"binary-expr","locations":[{"start":{"line":8,"column":8},"end":{"line":8,"column":27}},{"start":{"line":8,"column":31},"end":{"line":8,"column":35}}],"line":8},"4":{"loc":{"start":{"line":9,"column":12},"end":{"line":9,"column":52}},"type":"binary-expr","locations":[{"start":{"line":9,"column":12},"end":{"line":9,"column":31}},{"start":{"line":9,"column":35},"end":{"line":9,"column":52}}],"line":9}},"s":{"0":0,"1":0,"2":0,"3":0,"4":0,"5":0},"f":{"0":0},"b":{"0":[0,0],"1":[0,0],"2":[0,0],"3":[0,0],"4":[0,0]}}
,"/Users/oglabs/source/fererelabs/VeraGenesi/backend/src/middleware/authMiddleware.js": {"path":"/Users/oglabs/source/fererelabs/VeraGenesi/backend/src/middleware/authMiddleware.js","statementMap":{"0":{"start":{"line":1,"column":20},"end":{"line":1,"column":54}},"1":{"start":{"line":3,"column":23},"end":{"line":24,"column":1}},"2":{"start":{"line":4,"column":2},"end":{"line":23,"column":3}},"3":{"start":{"line":5,"column":23},"end":{"line":5,"column":48}},"4":{"start":{"line":7,"column":4},"end":{"line":9,"column":5}},"5":{"start":{"line":8,"column":6},"end":{"line":8,"column":88}},"6":{"start":{"line":11,"column":18},"end":{"line":11,"column":37}},"7":{"start":{"line":13,"column":4},"end":{"line":20,"column":5}},"8":{"start":{"line":14,"column":22},"end":{"line":14,"column":58}},"9":{"start":{"line":15,"column":6},"end":{"line":15,"column":34}},"10":{"start":{"line":16,"column":6},"end":{"line":16,"column":36}},"11":{"start":{"line":17,"column":6},"end":{"line":17,"column":13}},"12":{"start":{"line":19,"column":6},"end":{"line":19,"column":73}},"13":{"start":{"line":22,"column":4},"end":{"line":22,"column":61}},"14":{"start":{"line":26,"column":0},"end":{"line":26,"column":32}}},"fnMap":{"0":{"name":"(anonymous_0)","decl":{"start":{"line":3,"column":23},"end":{"line":3,"column":24}},"loc":{"start":{"line":3,"column":49},"end":{"line":24,"column":1}},"line":3}},"branchMap":{"0":{"loc":{"start":{"line":7,"column":4},"end":{"line":9,"column":5}},"type":"if","locations":[{"start":{"line":7,"column":4},"end":{"line":9,"column":5}},{"start":{},"end":{}}],"line":7},"1":{"loc":{"start":{"line":7,"column":8},"end":{"line":7,"column":56}},"type":"binary-expr","locations":[{"start":{"line":7,"column":8},"end":{"line":7,"column":19}},{"start":{"line":7,"column":23},"end":{"line":7,"column":56}}],"line":7}},"s":{"0":0,"1":0,"2":0,"3":0,"4":0,"5":0,"6":0,"7":0,"8":0,"9":0,"10":0,"11":0,"12":0,"13":0,"14":0},"f":{"0":0},"b":{"0":[0,0],"1":[0,0]}}
,"/Users/oglabs/source/fererelabs/VeraGenesi/backend/src/middleware/errorHandler.js": {"path":"/Users/oglabs/source/fererelabs/VeraGenesi/backend/src/middleware/errorHandler.js","statementMap":{"0":{"start":{"line":1,"column":21},"end":{"line":39,"column":1}},"1":{"start":{"line":2,"column":2},"end":{"line":2,"column":31}},"2":{"start":{"line":5,"column":19},"end":{"line":5,"column":22}},"3":{"start":{"line":6,"column":16},"end":{"line":6,"column":39}},"4":{"start":{"line":7,"column":16},"end":{"line":7,"column":80}},"5":{"start":{"line":10,"column":2},"end":{"line":31,"column":3}},"6":{"start":{"line":11,"column":4},"end":{"line":11,"column":21}},"7":{"start":{"line":12,"column":4},"end":{"line":12,"column":42}},"8":{"start":{"line":13,"column":9},"end":{"line":31,"column":3}},"9":{"start":{"line":14,"column":4},"end":{"line":14,"column":21}},"10":{"start":{"line":15,"column":4},"end":{"line":15,"column":52}},"11":{"start":{"line":16,"column":9},"end":{"line":31,"column":3}},"12":{"start":{"line":17,"column":4},"end":{"line":17,"column":21}},"13":{"start":{"line":18,"column":4},"end":{"line":18,"column":31}},"14":{"start":{"line":19,"column":9},"end":{"line":31,"column":3}},"15":{"start":{"line":20,"column":4},"end":{"line":20,"column":21}},"16":{"start":{"line":21,"column":4},"end":{"line":21,"column":41}},"17":{"start":{"line":22,"column":9},"end":{"line":31,"column":3}},"18":{"start":{"line":23,"column":4},"end":{"line":23,"column":21}},"19":{"start":{"line":24,"column":4},"end":{"line":24,"column":26}},"20":{"start":{"line":25,"column":9},"end":{"line":31,"column":3}},"21":{"start":{"line":26,"column":4},"end":{"line":26,"column":21}},"22":{"start":{"line":27,"column":4},"end":{"line":27,"column":26}},"23":{"start":{"line":28,"column":9},"end":{"line":31,"column":3}},"24":{"start":{"line":29,"column":4},"end":{"line":29,"column":21}},"25":{"start":{"line":30,"column":4},"end":{"line":30,"column":26}},"26":{"start":{"line":33,"column":2},"end":{"line":38,"column":5}},"27":{"start":{"line":41,"column":0},"end":{"line":41,"column":30}}},"fnMap":{"0":{"name":"(anonymous_0)","decl":{"start":{"line":1,"column":21},"end":{"line":1,"column":22}},"loc":{"start":{"line":1,"column":46},"end":{"line":39,"column":1}},"line":1}},"branchMap":{"0":{"loc":{"start":{"line":7,"column":16},"end":{"line":7,"column":80}},"type":"cond-expr","locations":[{"start":{"line":7,"column":57},"end":{"line":7,"column":68}},{"start":{"line":7,"column":71},"end":{"line":7,"column":80}}],"line":7},"1":{"loc":{"start":{"line":10,"column":2},"end":{"line":31,"column":3}},"type":"if","locations":[{"start":{"line":10,"column":2},"end":{"line":31,"column":3}},{"start":{"line":13,"column":9},"end":{"line":31,"column":3}}],"line":10},"2":{"loc":{"start":{"line":13,"column":9},"end":{"line":31,"column":3}},"type":"if","locations":[{"start":{"line":13,"column":9},"end":{"line":31,"column":3}},{"start":{"line":16,"column":9},"end":{"line":31,"column":3}}],"line":13},"3":{"loc":{"start":{"line":16,"column":9},"end":{"line":31,"column":3}},"type":"if","locations":[{"start":{"line":16,"column":9},"end":{"line":31,"column":3}},{"start":{"line":19,"column":9},"end":{"line":31,"column":3}}],"line":16},"4":{"loc":{"start":{"line":19,"column":9},"end":{"line":31,"column":3}},"type":"if","locations":[{"start":{"line":19,"column":9},"end":{"line":31,"column":3}},{"start":{"line":22,"column":9},"end":{"line":31,"column":3}}],"line":19},"5":{"loc":{"start":{"line":22,"column":9},"end":{"line":31,"column":3}},"type":"if","locations":[{"start":{"line":22,"column":9},"end":{"line":31,"column":3}},{"start":{"line":25,"column":9},"end":{"line":31,"column":3}}],"line":22},"6":{"loc":{"start":{"line":25,"column":9},"end":{"line":31,"column":3}},"type":"if","locations":[{"start":{"line":25,"column":9},"end":{"line":31,"column":3}},{"start":{"line":28,"column":9},"end":{"line":31,"column":3}}],"line":25},"7":{"loc":{"start":{"line":28,"column":9},"end":{"line":31,"column":3}},"type":"if","locations":[{"start":{"line":28,"column":9},"end":{"line":31,"column":3}},{"start":{},"end":{}}],"line":28},"8":{"loc":{"start":{"line":36,"column":10},"end":{"line":36,"column":32}},"type":"binary-expr","locations":[{"start":{"line":36,"column":10},"end":{"line":36,"column":17}},{"start":{"line":36,"column":21},"end":{"line":36,"column":32}}],"line":36}},"s":{"0":0,"1":0,"2":0,"3":0,"4":0,"5":0,"6":0,"7":0,"8":0,"9":0,"10":0,"11":0,"12":0,"13":0,"14":0,"15":0,"16":0,"17":0,"18":0,"19":0,"20":0,"21":0,"22":0,"23":0,"24":0,"25":0,"26":0,"27":0},"f":{"0":0},"b":{"0":[0,0],"1":[0,0],"2":[0,0],"3":[0,0],"4":[0,0],"5":[0,0],"6":[0,0],"7":[0,0],"8":[0,0]}}
,"/Users/oglabs/source/fererelabs/VeraGenesi/backend/src/routes/assessmentRoutes.js": {"path":"/Users/oglabs/source/fererelabs/VeraGenesi/backend/src/routes/assessmentRoutes.js","statementMap":{"0":{"start":{"line":1,"column":16},"end":{"line":1,"column":34}},"1":{"start":{"line":2,"column":15},"end":{"line":2,"column":31}},"2":{"start":{"line":3,"column":23},"end":{"line":3,"column":62}},"3":{"start":{"line":4,"column":26},"end":{"line":4,"column":66}},"4":{"start":{"line":5,"column":20},"end":{"line":5,"column":54}},"5":{"start":{"line":8,"column":0},"end":{"line":33,"column":3}},"6":{"start":{"line":9,"column":2},"end":{"line":32,"column":3}},"7":{"start":{"line":10,"column":24},"end":{"line":10,"column":32}},"8":{"start":{"line":11,"column":19},"end":{"line":11,"column":29}},"9":{"start":{"line":13,"column":4},"end":{"line":15,"column":5}},"10":{"start":{"line":14,"column":6},"end":{"line":14,"column":96}},"11":{"start":{"line":18,"column":20},"end":{"line":18,"column":65}},"12":{"start":{"line":21,"column":4},"end":{"line":21,"column":79}},"13":{"start":{"line":24,"column":4},"end":{"line":24,"column":82}},"14":{"start":{"line":26,"column":4},"end":{"line":29,"column":7}},"15":{"start":{"line":31,"column":4},"end":{"line":31,"column":16}},"16":{"start":{"line":36,"column":0},"end":{"line":55,"column":3}},"17":{"start":{"line":37,"column":2},"end":{"line":54,"column":3}},"18":{"start":{"line":38,"column":24},"end":{"line":38,"column":32}},"19":{"start":{"line":39,"column":19},"end":{"line":39,"column":29}},"20":{"start":{"line":41,"column":4},"end":{"line":43,"column":5}},"21":{"start":{"line":42,"column":6},"end":{"line":42,"column":90}},"22":{"start":{"line":46,"column":20},"end":{"line":46,"column":62}},"23":{"start":{"line":49,"column":4},"end":{"line":49,"column":72}},"24":{"start":{"line":51,"column":4},"end":{"line":51,"column":22}},"25":{"start":{"line":53,"column":4},"end":{"line":53,"column":16}},"26":{"start":{"line":58,"column":0},"end":{"line":82,"column":3}},"27":{"start":{"line":59,"column":2},"end":{"line":81,"column":3}},"28":{"start":{"line":60,"column":19},"end":{"line":60,"column":29}},"29":{"start":{"line":61,"column":21},"end":{"line":61,"column":31}},"30":{"start":{"line":63,"column":23},"end":{"line":63,"column":51}},"31":{"start":{"line":64,"column":4},"end":{"line":66,"column":5}},"32":{"start":{"line":65,"column":6},"end":{"line":65,"column":72}},"33":{"start":{"line":68,"column":23},"end":{"line":68,"column":80}},"34":{"start":{"line":70,"column":4},"end":{"line":72,"column":5}},"35":{"start":{"line":71,"column":6},"end":{"line":71,"column":68}},"36":{"start":{"line":74,"column":4},"end":{"line":78,"column":7}},"37":{"start":{"line":80,"column":4},"end":{"line":80,"column":16}},"38":{"start":{"line":84,"column":0},"end":{"line":84,"column":24}}},"fnMap":{"0":{"name":"(anonymous_0)","decl":{"start":{"line":8,"column":42},"end":{"line":8,"column":43}},"loc":{"start":{"line":8,"column":68},"end":{"line":33,"column":1}},"line":8},"1":{"name":"(anonymous_1)","decl":{"start":{"line":36,"column":44},"end":{"line":36,"column":45}},"loc":{"start":{"line":36,"column":70},"end":{"line":55,"column":1}},"line":36},"2":{"name":"(anonymous_2)","decl":{"start":{"line":58,"column":37},"end":{"line":58,"column":38}},"loc":{"start":{"line":58,"column":63},"end":{"line":82,"column":1}},"line":58}},"branchMap":{"0":{"loc":{"start":{"line":13,"column":4},"end":{"line":15,"column":5}},"type":"if","locations":[{"start":{"line":13,"column":4},"end":{"line":15,"column":5}},{"start":{},"end":{}}],"line":13},"1":{"loc":{"start":{"line":13,"column":8},"end":{"line":13,"column":40}},"type":"binary-expr","locations":[{"start":{"line":13,"column":8},"end":{"line":13,"column":16}},{"start":{"line":13,"column":20},"end":{"line":13,"column":40}}],"line":13},"2":{"loc":{"start":{"line":41,"column":4},"end":{"line":43,"column":5}},"type":"if","locations":[{"start":{"line":41,"column":4},"end":{"line":43,"column":5}},{"start":{},"end":{}}],"line":41},"3":{"loc":{"start":{"line":41,"column":8},"end":{"line":41,"column":41}},"type":"binary-expr","locations":[{"start":{"line":41,"column":8},"end":{"line":41,"column":16}},{"start":{"line":41,"column":20},"end":{"line":41,"column":41}}],"line":41},"4":{"loc":{"start":{"line":64,"column":4},"end":{"line":66,"column":5}},"type":"if","locations":[{"start":{"line":64,"column":4},"end":{"line":66,"column":5}},{"start":{},"end":{}}],"line":64},"5":{"loc":{"start":{"line":70,"column":4},"end":{"line":72,"column":5}},"type":"if","locations":[{"start":{"line":70,"column":4},"end":{"line":72,"column":5}},{"start":{},"end":{}}],"line":70}},"s":{"0":0,"1":0,"2":0,"3":0,"4":0,"5":0,"6":0,"7":0,"8":0,"9":0,"10":0,"11":0,"12":0,"13":0,"14":0,"15":0,"16":0,"17":0,"18":0,"19":0,"20":0,"21":0,"22":0,"23":0,"24":0,"25":0,"26":0,"27":0,"28":0,"29":0,"30":0,"31":0,"32":0,"33":0,"34":0,"35":0,"36":0,"37":0,"38":0},"f":{"0":0,"1":0,"2":0},"b":{"0":[0,0],"1":[0,0],"2":[0,0],"3":[0,0],"4":[0,0],"5":[0,0]}}
,"/Users/oglabs/source/fererelabs/VeraGenesi/backend/src/routes/authRoutes.js": {"path":"/Users/oglabs/source/fererelabs/VeraGenesi/backend/src/routes/authRoutes.js","statementMap":{"0":{"start":{"line":1,"column":16},"end":{"line":1,"column":34}},"1":{"start":{"line":2,"column":15},"end":{"line":2,"column":31}},"2":{"start":{"line":3,"column":20},"end":{"line":3,"column":54}},"3":{"start":{"line":6,"column":0},"end":{"line":19,"column":3}},"4":{"start":{"line":7,"column":2},"end":{"line":18,"column":3}},"5":{"start":{"line":8,"column":43},"end":{"line":8,"column":51}},"6":{"start":{"line":10,"column":4},"end":{"line":12,"column":5}},"7":{"start":{"line":11,"column":6},"end":{"line":11,"column":80}},"8":{"start":{"line":14,"column":19},"end":{"line":14,"column":73}},"9":{"start":{"line":15,"column":4},"end":{"line":15,"column":33}},"10":{"start":{"line":17,"column":4},"end":{"line":17,"column":16}},"11":{"start":{"line":22,"column":0},"end":{"line":35,"column":3}},"12":{"start":{"line":23,"column":2},"end":{"line":34,"column":3}},"13":{"start":{"line":24,"column":32},"end":{"line":24,"column":40}},"14":{"start":{"line":26,"column":4},"end":{"line":28,"column":5}},"15":{"start":{"line":27,"column":6},"end":{"line":27,"column":80}},"16":{"start":{"line":30,"column":19},"end":{"line":30,"column":59}},"17":{"start":{"line":31,"column":4},"end":{"line":31,"column":21}},"18":{"start":{"line":33,"column":4},"end":{"line":33,"column":16}},"19":{"start":{"line":37,"column":0},"end":{"line":37,"column":24}}},"fnMap":{"0":{"name":"(anonymous_0)","decl":{"start":{"line":6,"column":25},"end":{"line":6,"column":26}},"loc":{"start":{"line":6,"column":51},"end":{"line":19,"column":1}},"line":6},"1":{"name":"(anonymous_1)","decl":{"start":{"line":22,"column":22},"end":{"line":22,"column":23}},"loc":{"start":{"line":22,"column":48},"end":{"line":35,"column":1}},"line":22}},"branchMap":{"0":{"loc":{"start":{"line":10,"column":4},"end":{"line":12,"column":5}},"type":"if","locations":[{"start":{"line":10,"column":4},"end":{"line":12,"column":5}},{"start":{},"end":{}}],"line":10},"1":{"loc":{"start":{"line":10,"column":8},"end":{"line":10,"column":27}},"type":"binary-expr","locations":[{"start":{"line":10,"column":8},"end":{"line":10,"column":14}},{"start":{"line":10,"column":18},"end":{"line":10,"column":27}}],"line":10},"2":{"loc":{"start":{"line":26,"column":4},"end":{"line":28,"column":5}},"type":"if","locations":[{"start":{"line":26,"column":4},"end":{"line":28,"column":5}},{"start":{},"end":{}}],"line":26},"3":{"loc":{"start":{"line":26,"column":8},"end":{"line":26,"column":27}},"type":"binary-expr","locations":[{"start":{"line":26,"column":8},"end":{"line":26,"column":14}},{"start":{"line":26,"column":18},"end":{"line":26,"column":27}}],"line":26}},"s":{"0":0,"1":0,"2":0,"3":0,"4":0,"5":0,"6":0,"7":0,"8":0,"9":0,"10":0,"11":0,"12":0,"13":0,"14":0,"15":0,"16":0,"17":0,"18":0,"19":0},"f":{"0":0,"1":0},"b":{"0":[0,0],"1":[0,0],"2":[0,0],"3":[0,0]}}
,"/Users/oglabs/source/fererelabs/VeraGenesi/backend/src/routes/toolRoutes.js": {"path":"/Users/oglabs/source/fererelabs/VeraGenesi/backend/src/routes/toolRoutes.js","statementMap":{"0":{"start":{"line":1,"column":16},"end":{"line":1,"column":34}},"1":{"start":{"line":2,"column":15},"end":{"line":2,"column":31}},"2":{"start":{"line":3,"column":23},"end":{"line":3,"column":62}},"3":{"start":{"line":4,"column":20},"end":{"line":4,"column":54}},"4":{"start":{"line":7,"column":0},"end":{"line":29,"column":3}},"5":{"start":{"line":8,"column":2},"end":{"line":28,"column":3}},"6":{"start":{"line":9,"column":69},"end":{"line":9,"column":77}},"7":{"start":{"line":10,"column":19},"end":{"line":10,"column":29}},"8":{"start":{"line":12,"column":4},"end":{"line":14,"column":5}},"9":{"start":{"line":13,"column":6},"end":{"line":13,"column":68}},"10":{"start":{"line":16,"column":19},"end":{"line":23,"column":5}},"11":{"start":{"line":25,"column":4},"end":{"line":25,"column":33}},"12":{"start":{"line":27,"column":4},"end":{"line":27,"column":16}},"13":{"start":{"line":32,"column":0},"end":{"line":39,"column":3}},"14":{"start":{"line":33,"column":2},"end":{"line":38,"column":3}},"15":{"start":{"line":34,"column":18},"end":{"line":34,"column":44}},"16":{"start":{"line":35,"column":4},"end":{"line":35,"column":24}},"17":{"start":{"line":37,"column":4},"end":{"line":37,"column":64}},"18":{"start":{"line":42,"column":0},"end":{"line":50,"column":3}},"19":{"start":{"line":43,"column":2},"end":{"line":49,"column":3}},"20":{"start":{"line":44,"column":19},"end":{"line":44,"column":29}},"21":{"start":{"line":45,"column":18},"end":{"line":45,"column":60}},"22":{"start":{"line":46,"column":4},"end":{"line":46,"column":20}},"23":{"start":{"line":48,"column":4},"end":{"line":48,"column":16}},"24":{"start":{"line":53,"column":0},"end":{"line":64,"column":3}},"25":{"start":{"line":54,"column":2},"end":{"line":63,"column":3}},"26":{"start":{"line":55,"column":19},"end":{"line":55,"column":29}},"27":{"start":{"line":56,"column":18},"end":{"line":56,"column":49}},"28":{"start":{"line":57,"column":19},"end":{"line":57,"column":50}},"29":{"start":{"line":59,"column":20},"end":{"line":59,"column":80}},"30":{"start":{"line":60,"column":4},"end":{"line":60,"column":26}},"31":{"start":{"line":62,"column":4},"end":{"line":62,"column":16}},"32":{"start":{"line":66,"column":0},"end":{"line":66,"column":24}}},"fnMap":{"0":{"name":"(anonymous_0)","decl":{"start":{"line":7,"column":38},"end":{"line":7,"column":39}},"loc":{"start":{"line":7,"column":64},"end":{"line":29,"column":1}},"line":7},"1":{"name":"(anonymous_1)","decl":{"start":{"line":32,"column":20},"end":{"line":32,"column":21}},"loc":{"start":{"line":32,"column":34},"end":{"line":39,"column":1}},"line":32},"2":{"name":"(anonymous_2)","decl":{"start":{"line":42,"column":37},"end":{"line":42,"column":38}},"loc":{"start":{"line":42,"column":63},"end":{"line":50,"column":1}},"line":42},"3":{"name":"(anonymous_3)","decl":{"start":{"line":53,"column":39},"end":{"line":53,"column":40}},"loc":{"start":{"line":53,"column":65},"end":{"line":64,"column":1}},"line":53}},"branchMap":{"0":{"loc":{"start":{"line":12,"column":4},"end":{"line":14,"column":5}},"type":"if","locations":[{"start":{"line":12,"column":4},"end":{"line":14,"column":5}},{"start":{},"end":{}}],"line":12},"1":{"loc":{"start":{"line":56,"column":18},"end":{"line":56,"column":49}},"type":"binary-expr","locations":[{"start":{"line":56,"column":18},"end":{"line":56,"column":43}},{"start":{"line":56,"column":47},"end":{"line":56,"column":49}}],"line":56},"2":{"loc":{"start":{"line":57,"column":19},"end":{"line":57,"column":50}},"type":"binary-expr","locations":[{"start":{"line":57,"column":19},"end":{"line":57,"column":45}},{"start":{"line":57,"column":49},"end":{"line":57,"column":50}}],"line":57}},"s":{"0":0,"1":0,"2":0,"3":0,"4":0,"5":0,"6":0,"7":0,"8":0,"9":0,"10":0,"11":0,"12":0,"13":0,"14":0,"15":0,"16":0,"17":0,"18":0,"19":0,"20":0,"21":0,"22":0,"23":0,"24":0,"25":0,"26":0,"27":0,"28":0,"29":0,"30":0,"31":0,"32":0},"f":{"0":0,"1":0,"2":0,"3":0},"b":{"0":[0,0],"1":[0,0],"2":[0,0]}}
,"/Users/oglabs/source/fererelabs/VeraGenesi/backend/src/routes/userRoutes.js": {"path":"/Users/oglabs/source/fererelabs/VeraGenesi/backend/src/routes/userRoutes.js","statementMap":{"0":{"start":{"line":1,"column":16},"end":{"line":1,"column":34}},"1":{"start":{"line":2,"column":15},"end":{"line":2,"column":31}},"2":{"start":{"line":3,"column":23},"end":{"line":3,"column":62}},"3":{"start":{"line":4,"column":20},"end":{"line":4,"column":54}},"4":{"start":{"line":5,"column":20},"end":{"line":5,"column":54}},"5":{"start":{"line":8,"column":0},"end":{"line":21,"column":3}},"6":{"start":{"line":9,"column":2},"end":{"line":20,"column":3}},"7":{"start":{"line":10,"column":19},"end":{"line":10,"column":29}},"8":{"start":{"line":11,"column":17},"end":{"line":11,"column":54}},"9":{"start":{"line":12,"column":22},"end":{"line":12,"column":64}},"10":{"start":{"line":14,"column":4},"end":{"line":17,"column":7}},"11":{"start":{"line":19,"column":4},"end":{"line":19,"column":16}},"12":{"start":{"line":24,"column":0},"end":{"line":31,"column":3}},"13":{"start":{"line":25,"column":2},"end":{"line":30,"column":3}},"14":{"start":{"line":26,"column":22},"end":{"line":26,"column":57}},"15":{"start":{"line":27,"column":4},"end":{"line":27,"column":24}},"16":{"start":{"line":29,"column":4},"end":{"line":29,"column":68}},"17":{"start":{"line":33,"column":0},"end":{"line":33,"column":24}}},"fnMap":{"0":{"name":"(anonymous_0)","decl":{"start":{"line":8,"column":39},"end":{"line":8,"column":40}},"loc":{"start":{"line":8,"column":65},"end":{"line":21,"column":1}},"line":8},"1":{"name":"(anonymous_1)","decl":{"start":{"line":24,"column":25},"end":{"line":24,"column":26}},"loc":{"start":{"line":24,"column":39},"end":{"line":31,"column":1}},"line":24}},"branchMap":{},"s":{"0":0,"1":0,"2":0,"3":0,"4":0,"5":0,"6":0,"7":0,"8":0,"9":0,"10":0,"11":0,"12":0,"13":0,"14":0,"15":0,"16":0,"17":0},"f":{"0":0,"1":0},"b":{}}
,"/Users/oglabs/source/fererelabs/VeraGenesi/backend/src/services/assessmentService.js": {"path":"/Users/oglabs/source/fererelabs/VeraGenesi/backend/src/services/assessmentService.js","statementMap":{"0":{"start":{"line":1,"column":13},"end":{"line":1,"column":42}},"1":{"start":{"line":3,"column":19},"end":{"line":12,"column":1}},"2":{"start":{"line":19,"column":19},"end":{"line":22,"column":7}},"3":{"start":{"line":19,"column":50},"end":{"line":22,"column":5}},"4":{"start":{"line":25,"column":4},"end":{"line":30,"column":7}},"5":{"start":{"line":26,"column":31},"end":{"line":26,"column":81}},"6":{"start":{"line":27,"column":6},"end":{"line":29,"column":9}},"7":{"start":{"line":28,"column":8},"end":{"line":28,"column":36}},"8":{"start":{"line":33,"column":19},"end":{"line":33,"column":59}},"9":{"start":{"line":33,"column":41},"end":{"line":33,"column":58}},"10":{"start":{"line":34,"column":4},"end":{"line":37,"column":6}},"11":{"start":{"line":43,"column":20},"end":{"line":51,"column":5}},"12":{"start":{"line":52,"column":4},"end":{"line":52,"column":41}},"13":{"start":{"line":57,"column":4},"end":{"line":59,"column":5}},"14":{"start":{"line":58,"column":6},"end":{"line":58,"column":67}},"15":{"start":{"line":62,"column":30},"end":{"line":62,"column":76}},"16":{"start":{"line":62,"column":67},"end":{"line":62,"column":72}},"17":{"start":{"line":63,"column":29},"end":{"line":63,"column":76}},"18":{"start":{"line":63,"column":67},"end":{"line":63,"column":72}},"19":{"start":{"line":66,"column":27},"end":{"line":66,"column":65}},"20":{"start":{"line":67,"column":26},"end":{"line":67,"column":63}},"21":{"start":{"line":69,"column":4},"end":{"line":77,"column":6}},"22":{"start":{"line":82,"column":19},"end":{"line":82,"column":20}},"23":{"start":{"line":83,"column":19},"end":{"line":83,"column":21}},"24":{"start":{"line":84,"column":23},"end":{"line":84,"column":70}},"25":{"start":{"line":85,"column":4},"end":{"line":85,"column":62}},"26":{"start":{"line":90,"column":21},"end":{"line":94,"column":5}},"27":{"start":{"line":91,"column":6},"end":{"line":91,"column":76}},"28":{"start":{"line":91,"column":23},"end":{"line":91,"column":76}},"29":{"start":{"line":92,"column":6},"end":{"line":92,"column":88}},"30":{"start":{"line":92,"column":23},"end":{"line":92,"column":88}},"31":{"start":{"line":93,"column":6},"end":{"line":93,"column":57}},"32":{"start":{"line":96,"column":20},"end":{"line":96,"column":44}},"33":{"start":{"line":97,"column":20},"end":{"line":97,"column":43}},"34":{"start":{"line":99,"column":28},"end":{"line":110,"column":5}},"35":{"start":{"line":112,"column":4},"end":{"line":125,"column":6}},"36":{"start":{"line":130,"column":4},"end":{"line":139,"column":5}},"37":{"start":{"line":131,"column":21},"end":{"line":134,"column":7}},"38":{"start":{"line":136,"column":6},"end":{"line":136,"column":28}},"39":{"start":{"line":138,"column":6},"end":{"line":138,"column":18}},"40":{"start":{"line":144,"column":4},"end":{"line":153,"column":5}},"41":{"start":{"line":145,"column":21},"end":{"line":148,"column":7}},"42":{"start":{"line":150,"column":6},"end":{"line":150,"column":28}},"43":{"start":{"line":152,"column":6},"end":{"line":152,"column":18}},"44":{"start":{"line":158,"column":4},"end":{"line":171,"column":5}},"45":{"start":{"line":159,"column":21},"end":{"line":162,"column":7}},"46":{"start":{"line":164,"column":6},"end":{"line":166,"column":7}},"47":{"start":{"line":165,"column":8},"end":{"line":165,"column":20}},"48":{"start":{"line":168,"column":6},"end":{"line":168,"column":28}},"49":{"start":{"line":170,"column":6},"end":{"line":170,"column":18}},"50":{"start":{"line":175,"column":0},"end":{"line":175,"column":35}}},"fnMap":{"0":{"name":"(anonymous_0)","decl":{"start":{"line":16,"column":2},"end":{"line":16,"column":3}},"loc":{"start":{"line":16,"column":37},"end":{"line":38,"column":3}},"line":16},"1":{"name":"(anonymous_1)","decl":{"start":{"line":19,"column":34},"end":{"line":19,"column":35}},"loc":{"start":{"line":19,"column":50},"end":{"line":22,"column":5}},"line":19},"2":{"name":"(anonymous_2)","decl":{"start":{"line":25,"column":20},"end":{"line":25,"column":21}},"loc":{"start":{"line":25,"column":39},"end":{"line":30,"column":5}},"line":25},"3":{"name":"(anonymous_3)","decl":{"start":{"line":27,"column":31},"end":{"line":27,"column":32}},"loc":{"start":{"line":27,"column":40},"end":{"line":29,"column":7}},"line":27},"4":{"name":"(anonymous_4)","decl":{"start":{"line":33,"column":31},"end":{"line":33,"column":32}},"loc":{"start":{"line":33,"column":41},"end":{"line":33,"column":58}},"line":33},"5":{"name":"(anonymous_5)","decl":{"start":{"line":41,"column":2},"end":{"line":41,"column":3}},"loc":{"start":{"line":41,"column":63},"end":{"line":53,"column":3}},"line":41},"6":{"name":"(anonymous_6)","decl":{"start":{"line":56,"column":2},"end":{"line":56,"column":3}},"loc":{"start":{"line":56,"column":34},"end":{"line":78,"column":3}},"line":56},"7":{"name":"(anonymous_7)","decl":{"start":{"line":62,"column":57},"end":{"line":62,"column":58}},"loc":{"start":{"line":62,"column":67},"end":{"line":62,"column":72}},"line":62},"8":{"name":"(anonymous_8)","decl":{"start":{"line":63,"column":57},"end":{"line":63,"column":58}},"loc":{"start":{"line":63,"column":67},"end":{"line":63,"column":72}},"line":63},"9":{"name":"(anonymous_9)","decl":{"start":{"line":81,"column":2},"end":{"line":81,"column":3}},"loc":{"start":{"line":81,"column":34},"end":{"line":86,"column":3}},"line":81},"10":{"name":"(anonymous_10)","decl":{"start":{"line":89,"column":2},"end":{"line":89,"column":3}},"loc":{"start":{"line":89,"column":60},"end":{"line":126,"column":3}},"line":89},"11":{"name":"(anonymous_11)","decl":{"start":{"line":90,"column":21},"end":{"line":90,"column":22}},"loc":{"start":{"line":90,"column":32},"end":{"line":94,"column":5}},"line":90},"12":{"name":"(anonymous_12)","decl":{"start":{"line":129,"column":2},"end":{"line":129,"column":3}},"loc":{"start":{"line":129,"column":66},"end":{"line":140,"column":3}},"line":129},"13":{"name":"(anonymous_13)","decl":{"start":{"line":143,"column":2},"end":{"line":143,"column":3}},"loc":{"start":{"line":143,"column":59},"end":{"line":154,"column":3}},"line":143},"14":{"name":"(anonymous_14)","decl":{"start":{"line":157,"column":2},"end":{"line":157,"column":3}},"loc":{"start":{"line":157,"column":59},"end":{"line":172,"column":3}},"line":157}},"branchMap":{"0":{"loc":{"start":{"line":52,"column":11},"end":{"line":52,"column":40}},"type":"binary-expr","locations":[{"start":{"line":52,"column":11},"end":{"line":52,"column":33}},{"start":{"line":52,"column":37},"end":{"line":52,"column":40}}],"line":52},"1":{"loc":{"start":{"line":57,"column":4},"end":{"line":59,"column":5}},"type":"if","locations":[{"start":{"line":57,"column":4},"end":{"line":59,"column":5}},{"start":{},"end":{}}],"line":57},"2":{"loc":{"start":{"line":91,"column":6},"end":{"line":91,"column":76}},"type":"if","locations":[{"start":{"line":91,"column":6},"end":{"line":91,"column":76}},{"start":{},"end":{}}],"line":91},"3":{"loc":{"start":{"line":92,"column":6},"end":{"line":92,"column":88}},"type":"if","locations":[{"start":{"line":92,"column":6},"end":{"line":92,"column":88}},{"start":{},"end":{}}],"line":92},"4":{"loc":{"start":{"line":164,"column":6},"end":{"line":166,"column":7}},"type":"if","locations":[{"start":{"line":164,"column":6},"end":{"line":166,"column":7}},{"start":{},"end":{}}],"line":164}},"s":{"0":1,"1":1,"2":6,"3":48,"4":6,"5":42,"6":42,"7":96,"8":6,"9":60,"10":6,"11":46,"12":46,"13":7,"14":1,"15":6,"16":48,"17":6,"18":48,"19":6,"20":6,"21":6,"22":17,"23":17,"24":17,"25":17,"26":13,"27":26,"28":16,"29":10,"30":4,"31":6,"32":13,"33":13,"34":13,"35":13,"36":0,"37":0,"38":0,"39":0,"40":0,"41":0,"42":0,"43":0,"44":0,"45":0,"46":0,"47":0,"48":0,"49":0,"50":1},"f":{"0":6,"1":48,"2":42,"3":96,"4":60,"5":46,"6":7,"7":48,"8":48,"9":17,"10":13,"11":26,"12":0,"13":0,"14":0},"b":{"0":[46,1],"1":[1,6],"2":[16,10],"3":[4,6],"4":[0,0]},"_coverageSchema":"1a1c01bbd47fc00a2c39e90264f33305004495a9","hash":"5f12c137c1bf527d276c84e84a3c1236ca747b6b"}
,"/Users/oglabs/source/fererelabs/VeraGenesi/backend/src/services/authService.js": {"path":"/Users/oglabs/source/fererelabs/VeraGenesi/backend/src/services/authService.js","statementMap":{"0":{"start":{"line":1,"column":15},"end":{"line":1,"column":32}},"1":{"start":{"line":2,"column":12},"end":{"line":2,"column":35}},"2":{"start":{"line":3,"column":13},"end":{"line":3,"column":42}},"3":{"start":{"line":5,"column":19},"end":{"line":5,"column":62}},"4":{"start":{"line":6,"column":19},"end":{"line":6,"column":24}},"5":{"start":{"line":11,"column":4},"end":{"line":50,"column":5}},"6":{"start":{"line":13,"column":27},"end":{"line":16,"column":7}},"7":{"start":{"line":18,"column":6},"end":{"line":20,"column":7}},"8":{"start":{"line":19,"column":8},"end":{"line":19,"column":47}},"9":{"start":{"line":23,"column":27},"end":{"line":23,"column":58}},"10":{"start":{"line":26,"column":21},"end":{"line":29,"column":7}},"11":{"start":{"line":31,"column":19},"end":{"line":31,"column":33}},"12":{"start":{"line":34,"column":20},"end":{"line":38,"column":7}},"13":{"start":{"line":40,"column":6},"end":{"line":47,"column":8}},"14":{"start":{"line":49,"column":6},"end":{"line":49,"column":18}},"15":{"start":{"line":55,"column":4},"end":{"line":92,"column":5}},"16":{"start":{"line":57,"column":21},"end":{"line":60,"column":7}},"17":{"start":{"line":62,"column":6},"end":{"line":64,"column":7}},"18":{"start":{"line":63,"column":8},"end":{"line":63,"column":47}},"19":{"start":{"line":66,"column":19},"end":{"line":66,"column":33}},"20":{"start":{"line":69,"column":30},"end":{"line":69,"column":80}},"21":{"start":{"line":71,"column":6},"end":{"line":73,"column":7}},"22":{"start":{"line":72,"column":8},"end":{"line":72,"column":47}},"23":{"start":{"line":76,"column":20},"end":{"line":80,"column":7}},"24":{"start":{"line":82,"column":6},"end":{"line":89,"column":8}},"25":{"start":{"line":91,"column":6},"end":{"line":91,"column":18}},"26":{"start":{"line":97,"column":4},"end":{"line":102,"column":5}},"27":{"start":{"line":98,"column":22},"end":{"line":98,"column":51}},"28":{"start":{"line":99,"column":6},"end":{"line":99,"column":21}},"29":{"start":{"line":101,"column":6},"end":{"line":101,"column":39}},"30":{"start":{"line":107,"column":4},"end":{"line":127,"column":5}},"31":{"start":{"line":108,"column":21},"end":{"line":111,"column":7}},"32":{"start":{"line":113,"column":6},"end":{"line":115,"column":7}},"33":{"start":{"line":114,"column":8},"end":{"line":114,"column":42}},"34":{"start":{"line":117,"column":19},"end":{"line":117,"column":33}},"35":{"start":{"line":118,"column":6},"end":{"line":124,"column":8}},"36":{"start":{"line":126,"column":6},"end":{"line":126,"column":18}},"37":{"start":{"line":132,"column":4},"end":{"line":149,"column":5}},"38":{"start":{"line":133,"column":21},"end":{"line":140,"column":7}},"39":{"start":{"line":142,"column":6},"end":{"line":144,"column":7}},"40":{"start":{"line":143,"column":8},"end":{"line":143,"column":42}},"41":{"start":{"line":146,"column":6},"end":{"line":146,"column":28}},"42":{"start":{"line":148,"column":6},"end":{"line":148,"column":18}},"43":{"start":{"line":153,"column":0},"end":{"line":153,"column":29}}},"fnMap":{"0":{"name":"(anonymous_0)","decl":{"start":{"line":10,"column":2},"end":{"line":10,"column":3}},"loc":{"start":{"line":10,"column":52},"end":{"line":51,"column":3}},"line":10},"1":{"name":"(anonymous_1)","decl":{"start":{"line":54,"column":2},"end":{"line":54,"column":3}},"loc":{"start":{"line":54,"column":38},"end":{"line":93,"column":3}},"line":54},"2":{"name":"(anonymous_2)","decl":{"start":{"line":96,"column":2},"end":{"line":96,"column":3}},"loc":{"start":{"line":96,"column":34},"end":{"line":103,"column":3}},"line":96},"3":{"name":"(anonymous_3)","decl":{"start":{"line":106,"column":2},"end":{"line":106,"column":3}},"loc":{"start":{"line":106,"column":35},"end":{"line":128,"column":3}},"line":106},"4":{"name":"(anonymous_4)","decl":{"start":{"line":131,"column":2},"end":{"line":131,"column":3}},"loc":{"start":{"line":131,"column":78},"end":{"line":150,"column":3}},"line":131}},"branchMap":{"0":{"loc":{"start":{"line":5,"column":19},"end":{"line":5,"column":62}},"type":"binary-expr","locations":[{"start":{"line":5,"column":19},"end":{"line":5,"column":41}},{"start":{"line":5,"column":45},"end":{"line":5,"column":62}}],"line":5},"1":{"loc":{"start":{"line":18,"column":6},"end":{"line":20,"column":7}},"type":"if","locations":[{"start":{"line":18,"column":6},"end":{"line":20,"column":7}},{"start":{},"end":{}}],"line":18},"2":{"loc":{"start":{"line":62,"column":6},"end":{"line":64,"column":7}},"type":"if","locations":[{"start":{"line":62,"column":6},"end":{"line":64,"column":7}},{"start":{},"end":{}}],"line":62},"3":{"loc":{"start":{"line":71,"column":6},"end":{"line":73,"column":7}},"type":"if","locations":[{"start":{"line":71,"column":6},"end":{"line":73,"column":7}},{"start":{},"end":{}}],"line":71},"4":{"loc":{"start":{"line":113,"column":6},"end":{"line":115,"column":7}},"type":"if","locations":[{"start":{"line":113,"column":6},"end":{"line":115,"column":7}},{"start":{},"end":{}}],"line":113},"5":{"loc":{"start":{"line":142,"column":6},"end":{"line":144,"column":7}},"type":"if","locations":[{"start":{"line":142,"column":6},"end":{"line":144,"column":7}},{"start":{},"end":{}}],"line":142}},"s":{"0":1,"1":1,"2":1,"3":1,"4":1,"5":4,"6":4,"7":4,"8":1,"9":3,"10":3,"11":3,"12":3,"13":3,"14":1,"15":4,"16":4,"17":4,"18":1,"19":3,"20":3,"21":3,"22":1,"23":2,"24":2,"25":2,"26":0,"27":0,"28":0,"29":0,"30":0,"31":0,"32":0,"33":0,"34":0,"35":0,"36":0,"37":0,"38":0,"39":0,"40":0,"41":0,"42":0,"43":1},"f":{"0":4,"1":4,"2":0,"3":0,"4":0},"b":{"0":[1,1],"1":[1,3],"2":[1,3],"3":[1,2],"4":[0,0],"5":[0,0]},"_coverageSchema":"1a1c01bbd47fc00a2c39e90264f33305004495a9","hash":"aff2c18cf63524012e54d5e6f08e973063ac55f1"}
,"/Users/oglabs/source/fererelabs/VeraGenesi/backend/src/services/toolService.js": {"path":"/Users/oglabs/source/fererelabs/VeraGenesi/backend/src/services/toolService.js","statementMap":{"0":{"start":{"line":1,"column":13},"end":{"line":1,"column":42}},"1":{"start":{"line":3,"column":14},"end":{"line":9,"column":1}},"2":{"start":{"line":14,"column":4},"end":{"line":41,"column":5}},"3":{"start":{"line":15,"column":6},"end":{"line":17,"column":7}},"4":{"start":{"line":16,"column":8},"end":{"line":16,"column":43}},"5":{"start":{"line":19,"column":6},"end":{"line":21,"column":7}},"6":{"start":{"line":20,"column":8},"end":{"line":20,"column":64}},"7":{"start":{"line":23,"column":24},"end":{"line":23,"column":46}},"8":{"start":{"line":25,"column":21},"end":{"line":28,"column":7}},"9":{"start":{"line":30,"column":6},"end":{"line":38,"column":8}},"10":{"start":{"line":40,"column":6},"end":{"line":40,"column":18}},"11":{"start":{"line":46,"column":4},"end":{"line":73,"column":5}},"12":{"start":{"line":47,"column":26},"end":{"line":50,"column":7}},"13":{"start":{"line":52,"column":34},"end":{"line":55,"column":7}},"14":{"start":{"line":57,"column":30},"end":{"line":60,"column":7}},"15":{"start":{"line":62,"column":6},"end":{"line":70,"column":8}},"16":{"start":{"line":64,"column":62},"end":{"line":68,"column":9}},"17":{"start":{"line":72,"column":6},"end":{"line":72,"column":18}},"18":{"start":{"line":78,"column":4},"end":{"line":96,"column":5}},"19":{"start":{"line":79,"column":21},"end":{"line":82,"column":7}},"20":{"start":{"line":84,"column":6},"end":{"line":93,"column":10}},"21":{"start":{"line":84,"column":39},"end":{"line":93,"column":7}},"22":{"start":{"line":95,"column":6},"end":{"line":95,"column":18}},"23":{"start":{"line":101,"column":4},"end":{"line":101,"column":32}},"24":{"start":{"line":106,"column":4},"end":{"line":138,"column":6}},"25":{"start":{"line":142,"column":0},"end":{"line":142,"column":29}}},"fnMap":{"0":{"name":"(anonymous_0)","decl":{"start":{"line":13,"column":2},"end":{"line":13,"column":3}},"loc":{"start":{"line":13,"column":93},"end":{"line":42,"column":3}},"line":13},"1":{"name":"(anonymous_1)","decl":{"start":{"line":45,"column":2},"end":{"line":45,"column":3}},"loc":{"start":{"line":45,"column":40},"end":{"line":74,"column":3}},"line":45},"2":{"name":"(anonymous_2)","decl":{"start":{"line":64,"column":52},"end":{"line":64,"column":53}},"loc":{"start":{"line":64,"column":62},"end":{"line":68,"column":9}},"line":64},"3":{"name":"(anonymous_3)","decl":{"start":{"line":77,"column":2},"end":{"line":77,"column":3}},"loc":{"start":{"line":77,"column":67},"end":{"line":97,"column":3}},"line":77},"4":{"name":"(anonymous_4)","decl":{"start":{"line":84,"column":29},"end":{"line":84,"column":30}},"loc":{"start":{"line":84,"column":39},"end":{"line":93,"column":7}},"line":84},"5":{"name":"(anonymous_5)","decl":{"start":{"line":100,"column":2},"end":{"line":100,"column":3}},"loc":{"start":{"line":100,"column":24},"end":{"line":102,"column":3}},"line":100},"6":{"name":"(anonymous_6)","decl":{"start":{"line":105,"column":2},"end":{"line":105,"column":3}},"loc":{"start":{"line":105,"column":33},"end":{"line":139,"column":3}},"line":105}},"branchMap":{"0":{"loc":{"start":{"line":15,"column":6},"end":{"line":17,"column":7}},"type":"if","locations":[{"start":{"line":15,"column":6},"end":{"line":17,"column":7}},{"start":{},"end":{}}],"line":15},"1":{"loc":{"start":{"line":19,"column":6},"end":{"line":21,"column":7}},"type":"if","locations":[{"start":{"line":19,"column":6},"end":{"line":21,"column":7}},{"start":{},"end":{}}],"line":19},"2":{"loc":{"start":{"line":19,"column":10},"end":{"line":19,"column":78}},"type":"binary-expr","locations":[{"start":{"line":19,"column":10},"end":{"line":19,"column":24}},{"start":{"line":19,"column":28},"end":{"line":19,"column":43}},{"start":{"line":19,"column":47},"end":{"line":19,"column":60}},{"start":{"line":19,"column":64},"end":{"line":19,"column":78}}],"line":19},"3":{"loc":{"start":{"line":27,"column":76},"end":{"line":27,"column":88}},"type":"binary-expr","locations":[{"start":{"line":27,"column":76},"end":{"line":27,"column":80}},{"start":{"line":27,"column":84},"end":{"line":27,"column":88}}],"line":27},"4":{"loc":{"start":{"line":67,"column":35},"end":{"line":67,"column":58}},"type":"binary-expr","locations":[{"start":{"line":67,"column":35},"end":{"line":67,"column":53}},{"start":{"line":67,"column":57},"end":{"line":67,"column":58}}],"line":67},"5":{"loc":{"start":{"line":69,"column":40},"end":{"line":69,"column":83}},"type":"binary-expr","locations":[{"start":{"line":69,"column":40},"end":{"line":69,"column":78}},{"start":{"line":69,"column":82},"end":{"line":69,"column":83}}],"line":69},"6":{"loc":{"start":{"line":77,"column":43},"end":{"line":77,"column":53}},"type":"default-arg","locations":[{"start":{"line":77,"column":51},"end":{"line":77,"column":53}}],"line":77},"7":{"loc":{"start":{"line":77,"column":55},"end":{"line":77,"column":65}},"type":"default-arg","locations":[{"start":{"line":77,"column":64},"end":{"line":77,"column":65}}],"line":77}},"s":{"0":1,"1":1,"2":6,"3":6,"4":1,"5":5,"6":2,"7":3,"8":3,"9":3,"10":3,"11":0,"12":0,"13":0,"14":0,"15":0,"16":0,"17":0,"18":0,"19":0,"20":0,"21":0,"22":0,"23":5,"24":2,"25":1},"f":{"0":6,"1":0,"2":0,"3":0,"4":0,"5":5,"6":2},"b":{"0":[1,5],"1":[2,3],"2":[5,4,4,4],"3":[3,2],"4":[0,0],"5":[0,0],"6":[0],"7":[0]},"_coverageSchema":"1a1c01bbd47fc00a2c39e90264f33305004495a9","hash":"86f414d366883f7905aac7e16cb6b5ca8317ad18"}
}
