TN:
SF:src/config/database.js
FN:13,(anonymous_0)
FNF:1
FNH:0
FNDA:0,(anonymous_0)
DA:1,0
DA:2,0
DA:4,0
DA:13,0
DA:14,0
DA:17,0
LF:6
LH:0
BRDA:5,0,0,0
BRDA:5,0,1,0
BRDA:6,1,0,0
BRDA:6,1,1,0
BRDA:7,2,0,0
BRDA:7,2,1,0
BRDA:8,3,0,0
BRDA:8,3,1,0
BRDA:9,4,0,0
BRDA:9,4,1,0
BRF:10
BRH:0
end_of_record
TN:
SF:src/middleware/authMiddleware.js
FN:3,(anonymous_0)
FNF:1
FNH:0
FNDA:0,(anonymous_0)
DA:1,0
DA:3,0
DA:4,0
DA:5,0
DA:7,0
DA:8,0
DA:11,0
DA:13,0
DA:14,0
DA:15,0
DA:16,0
DA:17,0
DA:19,0
DA:22,0
DA:26,0
LF:15
LH:0
BRDA:7,0,0,0
BRDA:7,0,1,0
BRDA:7,1,0,0
BRDA:7,1,1,0
BRF:4
BRH:0
end_of_record
TN:
SF:src/middleware/errorHandler.js
FN:1,(anonymous_0)
FNF:1
FNH:0
FNDA:0,(anonymous_0)
DA:1,0
DA:2,0
DA:5,0
DA:6,0
DA:7,0
DA:10,0
DA:11,0
DA:12,0
DA:13,0
DA:14,0
DA:15,0
DA:16,0
DA:17,0
DA:18,0
DA:19,0
DA:20,0
DA:21,0
DA:22,0
DA:23,0
DA:24,0
DA:25,0
DA:26,0
DA:27,0
DA:28,0
DA:29,0
DA:30,0
DA:33,0
DA:41,0
LF:28
LH:0
BRDA:7,0,0,0
BRDA:7,0,1,0
BRDA:10,1,0,0
BRDA:10,1,1,0
BRDA:13,2,0,0
BRDA:13,2,1,0
BRDA:16,3,0,0
BRDA:16,3,1,0
BRDA:19,4,0,0
BRDA:19,4,1,0
BRDA:22,5,0,0
BRDA:22,5,1,0
BRDA:25,6,0,0
BRDA:25,6,1,0
BRDA:28,7,0,0
BRDA:28,7,1,0
BRDA:36,8,0,0
BRDA:36,8,1,0
BRF:18
BRH:0
end_of_record
TN:
SF:src/routes/assessmentRoutes.js
FN:8,(anonymous_0)
FN:36,(anonymous_1)
FN:58,(anonymous_2)
FNF:3
FNH:0
FNDA:0,(anonymous_0)
FNDA:0,(anonymous_1)
FNDA:0,(anonymous_2)
DA:1,0
DA:2,0
DA:3,0
DA:4,0
DA:5,0
DA:8,0
DA:9,0
DA:10,0
DA:11,0
DA:13,0
DA:14,0
DA:18,0
DA:21,0
DA:24,0
DA:26,0
DA:31,0
DA:36,0
DA:37,0
DA:38,0
DA:39,0
DA:41,0
DA:42,0
DA:46,0
DA:49,0
DA:51,0
DA:53,0
DA:58,0
DA:59,0
DA:60,0
DA:61,0
DA:63,0
DA:64,0
DA:65,0
DA:68,0
DA:70,0
DA:71,0
DA:74,0
DA:80,0
DA:84,0
LF:39
LH:0
BRDA:13,0,0,0
BRDA:13,0,1,0
BRDA:13,1,0,0
BRDA:13,1,1,0
BRDA:41,2,0,0
BRDA:41,2,1,0
BRDA:41,3,0,0
BRDA:41,3,1,0
BRDA:64,4,0,0
BRDA:64,4,1,0
BRDA:70,5,0,0
BRDA:70,5,1,0
BRF:12
BRH:0
end_of_record
TN:
SF:src/routes/authRoutes.js
FN:6,(anonymous_0)
FN:22,(anonymous_1)
FNF:2
FNH:0
FNDA:0,(anonymous_0)
FNDA:0,(anonymous_1)
DA:1,0
DA:2,0
DA:3,0
DA:6,0
DA:7,0
DA:8,0
DA:10,0
DA:11,0
DA:14,0
DA:15,0
DA:17,0
DA:22,0
DA:23,0
DA:24,0
DA:26,0
DA:27,0
DA:30,0
DA:31,0
DA:33,0
DA:37,0
LF:20
LH:0
BRDA:10,0,0,0
BRDA:10,0,1,0
BRDA:10,1,0,0
BRDA:10,1,1,0
BRDA:26,2,0,0
BRDA:26,2,1,0
BRDA:26,3,0,0
BRDA:26,3,1,0
BRF:8
BRH:0
end_of_record
TN:
SF:src/routes/toolRoutes.js
FN:7,(anonymous_0)
FN:32,(anonymous_1)
FN:42,(anonymous_2)
FN:53,(anonymous_3)
FNF:4
FNH:0
FNDA:0,(anonymous_0)
FNDA:0,(anonymous_1)
FNDA:0,(anonymous_2)
FNDA:0,(anonymous_3)
DA:1,0
DA:2,0
DA:3,0
DA:4,0
DA:7,0
DA:8,0
DA:9,0
DA:10,0
DA:12,0
DA:13,0
DA:16,0
DA:25,0
DA:27,0
DA:32,0
DA:33,0
DA:34,0
DA:35,0
DA:37,0
DA:42,0
DA:43,0
DA:44,0
DA:45,0
DA:46,0
DA:48,0
DA:53,0
DA:54,0
DA:55,0
DA:56,0
DA:57,0
DA:59,0
DA:60,0
DA:62,0
DA:66,0
LF:33
LH:0
BRDA:12,0,0,0
BRDA:12,0,1,0
BRDA:56,1,0,0
BRDA:56,1,1,0
BRDA:57,2,0,0
BRDA:57,2,1,0
BRF:6
BRH:0
end_of_record
TN:
SF:src/routes/userRoutes.js
FN:8,(anonymous_0)
FN:24,(anonymous_1)
FNF:2
FNH:0
FNDA:0,(anonymous_0)
FNDA:0,(anonymous_1)
DA:1,0
DA:2,0
DA:3,0
DA:4,0
DA:5,0
DA:8,0
DA:9,0
DA:10,0
DA:11,0
DA:12,0
DA:14,0
DA:19,0
DA:24,0
DA:25,0
DA:26,0
DA:27,0
DA:29,0
DA:33,0
LF:18
LH:0
BRF:0
BRH:0
end_of_record
TN:
SF:src/services/assessmentService.js
FN:16,(anonymous_0)
FN:19,(anonymous_1)
FN:25,(anonymous_2)
FN:27,(anonymous_3)
FN:33,(anonymous_4)
FN:41,(anonymous_5)
FN:56,(anonymous_6)
FN:62,(anonymous_7)
FN:63,(anonymous_8)
FN:81,(anonymous_9)
FN:89,(anonymous_10)
FN:90,(anonymous_11)
FN:129,(anonymous_12)
FN:143,(anonymous_13)
FN:157,(anonymous_14)
FNF:15
FNH:12
FNDA:6,(anonymous_0)
FNDA:48,(anonymous_1)
FNDA:42,(anonymous_2)
FNDA:96,(anonymous_3)
FNDA:60,(anonymous_4)
FNDA:46,(anonymous_5)
FNDA:7,(anonymous_6)
FNDA:48,(anonymous_7)
FNDA:48,(anonymous_8)
FNDA:17,(anonymous_9)
FNDA:13,(anonymous_10)
FNDA:26,(anonymous_11)
FNDA:0,(anonymous_12)
FNDA:0,(anonymous_13)
FNDA:0,(anonymous_14)
DA:1,1
DA:3,1
DA:19,48
DA:25,6
DA:26,42
DA:27,42
DA:28,96
DA:33,60
DA:34,6
DA:43,46
DA:52,46
DA:57,7
DA:58,1
DA:62,48
DA:63,48
DA:66,6
DA:67,6
DA:69,6
DA:82,17
DA:83,17
DA:84,17
DA:85,17
DA:90,13
DA:91,26
DA:92,10
DA:93,6
DA:96,13
DA:97,13
DA:99,13
DA:112,13
DA:130,0
DA:131,0
DA:136,0
DA:138,0
DA:144,0
DA:145,0
DA:150,0
DA:152,0
DA:158,0
DA:159,0
DA:164,0
DA:165,0
DA:168,0
DA:170,0
DA:175,1
LF:45
LH:31
BRDA:52,0,0,46
BRDA:52,0,1,1
BRDA:57,1,0,1
BRDA:57,1,1,6
BRDA:91,2,0,16
BRDA:91,2,1,10
BRDA:92,3,0,4
BRDA:92,3,1,6
BRDA:164,4,0,0
BRDA:164,4,1,0
BRF:10
BRH:8
end_of_record
TN:
SF:src/services/authService.js
FN:10,(anonymous_0)
FN:54,(anonymous_1)
FN:96,(anonymous_2)
FN:106,(anonymous_3)
FN:131,(anonymous_4)
FNF:5
FNH:2
FNDA:4,(anonymous_0)
FNDA:4,(anonymous_1)
FNDA:0,(anonymous_2)
FNDA:0,(anonymous_3)
FNDA:0,(anonymous_4)
DA:1,1
DA:2,1
DA:3,1
DA:5,1
DA:6,1
DA:11,4
DA:13,4
DA:18,4
DA:19,1
DA:23,3
DA:26,3
DA:31,3
DA:34,3
DA:40,3
DA:49,1
DA:55,4
DA:57,4
DA:62,4
DA:63,1
DA:66,3
DA:69,3
DA:71,3
DA:72,1
DA:76,2
DA:82,2
DA:91,2
DA:97,0
DA:98,0
DA:99,0
DA:101,0
DA:107,0
DA:108,0
DA:113,0
DA:114,0
DA:117,0
DA:118,0
DA:126,0
DA:132,0
DA:133,0
DA:142,0
DA:143,0
DA:146,0
DA:148,0
DA:153,1
LF:44
LH:27
BRDA:5,0,0,1
BRDA:5,0,1,1
BRDA:18,1,0,1
BRDA:18,1,1,3
BRDA:62,2,0,1
BRDA:62,2,1,3
BRDA:71,3,0,1
BRDA:71,3,1,2
BRDA:113,4,0,0
BRDA:113,4,1,0
BRDA:142,5,0,0
BRDA:142,5,1,0
BRF:12
BRH:8
end_of_record
TN:
SF:src/services/toolService.js
FN:13,(anonymous_0)
FN:45,(anonymous_1)
FN:64,(anonymous_2)
FN:77,(anonymous_3)
FN:84,(anonymous_4)
FN:100,(anonymous_5)
FN:105,(anonymous_6)
FNF:7
FNH:3
FNDA:6,(anonymous_0)
FNDA:0,(anonymous_1)
FNDA:0,(anonymous_2)
FNDA:0,(anonymous_3)
FNDA:0,(anonymous_4)
FNDA:5,(anonymous_5)
FNDA:2,(anonymous_6)
DA:1,1
DA:3,1
DA:14,6
DA:15,6
DA:16,1
DA:19,5
DA:20,2
DA:23,3
DA:25,3
DA:30,3
DA:40,3
DA:46,0
DA:47,0
DA:52,0
DA:57,0
DA:62,0
DA:64,0
DA:72,0
DA:78,0
DA:79,0
DA:84,0
DA:95,0
DA:101,5
DA:106,2
DA:142,1
LF:25
LH:14
BRDA:15,0,0,1
BRDA:15,0,1,5
BRDA:19,1,0,2
BRDA:19,1,1,3
BRDA:19,2,0,5
BRDA:19,2,1,4
BRDA:19,2,2,4
BRDA:19,2,3,4
BRDA:27,3,0,3
BRDA:27,3,1,2
BRDA:67,4,0,0
BRDA:67,4,1,0
BRDA:69,5,0,0
BRDA:69,5,1,0
BRDA:77,6,0,0
BRDA:77,7,0,0
BRF:16
BRH:10
end_of_record
